INFO	2021/11/10 21:45:36 Старт сервера
INFO	2021/11/10 21:45:36 Создан config
INFO	2021/11/10 21:45:36 ERROR
INFO	2021/11/10 21:45:36 Ошибка подключения к БД dial tcp [::1]:5432: connect: connection refused
INFO	2021/11/10 21:46:04 Старт сервера
INFO	2021/11/10 21:46:04 Создан config
INFO	2021/11/10 21:46:18 Получен сигнал на закрытие сервера
INFO	2021/11/10 21:46:18 Старт сервера по адресу localhost:8080
INFO	2021/11/10 21:46:18 Сервер запущен
INFO	2021/11/10 21:46:18 context canceled
INFO	2021/11/10 21:46:18 Ошибка запроса не обработанных заказов context canceled
INFO	2021/11/10 21:46:18 Сервер остановлен
INFO	2021/11/10 23:16:45 Старт сервера
INFO	2021/11/10 23:16:45 Создан config
INFO	2021/11/10 23:16:45 Старт сервера по адресу localhost:8080
INFO	2021/11/10 23:16:45 Сервер запущен
INFO	2021/11/10 23:18:17 Получен сигнал на закрытие сервера
INFO	2021/11/10 23:18:17 Сервер остановлен
INFO	2021/11/10 23:18:53 Старт сервера
INFO	2021/11/10 23:18:53 Создан config
INFO	2021/11/10 23:18:53 Старт сервера по адресу localhost:8080
INFO	2021/11/10 23:18:53 Сервер запущен
INFO	2021/11/10 23:18:53 500 Ответ сервера не 2**
INFO	2021/11/10 23:19:08 Получен сигнал на закрытие сервера
INFO	2021/11/10 23:19:08 Сервер остановлен
INFO	2021/11/10 23:20:07 Старт сервера
INFO	2021/11/10 23:20:07 Создан config
INFO	2021/11/10 23:20:07 Старт сервера по адресу localhost:8080
INFO	2021/11/10 23:20:07 Сервер запущен
INFO	2021/11/10 23:20:07 500 Ответ сервера не 2**
INFO	2021/11/10 23:20:16 Получен сигнал на закрытие сервера
INFO	2021/11/10 23:20:16 Сервер остановлен
INFO	2021/11/10 23:24:41 Старт сервера
INFO	2021/11/10 23:24:41 Создан config
INFO	2021/11/10 23:24:41 Старт сервера по адресу localhost:8080
INFO	2021/11/10 23:24:41 Сервер запущен
INFO	2021/11/10 23:24:41 500 Ответ сервера не 2**
INFO	2021/11/10 23:24:50 Получен сигнал на закрытие сервера
INFO	2021/11/10 23:24:50 Сервер остановлен
INFO	2021/11/10 23:25:46 Старт сервера
INFO	2021/11/10 23:25:46 Создан config
INFO	2021/11/10 23:25:46 Старт сервера по адресу localhost:8080
INFO	2021/11/10 23:25:46 Сервер запущен
INFO	2021/11/10 23:25:46 500 Ответ сервера не 2**
INFO	2021/11/10 23:26:25 Получен сигнал на закрытие сервера
INFO	2021/11/10 23:26:25 Сервер остановлен
INFO	2021/11/10 23:29:04 Старт сервера
INFO	2021/11/10 23:29:04 Создан config
INFO	2021/11/10 23:29:04 Старт сервера по адресу localhost:8080
INFO	2021/11/10 23:29:04 Сервер запущен
INFO	2021/11/10 23:29:04 500 Ответ сервера не 2**
INFO	2021/11/10 23:30:40 Получен сигнал на закрытие сервера
INFO	2021/11/10 23:30:40 Сервер остановлен
INFO	2021/11/10 23:30:42 Старт сервера
INFO	2021/11/10 23:30:42 Создан config
INFO	2021/11/10 23:30:42 Старт сервера по адресу localhost:8080
INFO	2021/11/10 23:30:42 Сервер запущен
INFO	2021/11/10 23:30:42 200 Ответ сервера не 2**
INFO	2021/11/10 23:31:22 Получен сигнал на закрытие сервера
INFO	2021/11/10 23:31:22 Сервер остановлен
INFO	2021/11/10 23:31:44 Старт сервера
INFO	2021/11/10 23:31:44 Создан config
INFO	2021/11/10 23:31:44 Старт сервера по адресу localhost:8080
INFO	2021/11/10 23:31:44 Сервер запущен
INFO	2021/11/10 23:31:44 UPDATE orders set order_status=$2, accrual=$3 where id=$1 context canceled
INFO	2021/11/10 23:31:44 INSERT INTO balance_log (user_id, order_id, sum_in, sum_out) VALUES ($1,$2, $3, $4) ON CONFLICT (user_id, order_id, sum_in, sum_out)  DO NOTHING  context canceled
INFO	2021/11/10 23:31:44 Ошибка добавления баланса в лог &{1 4561261212345467 0 0}
INFO	2021/11/10 23:37:08 Получен сигнал на закрытие сервера
INFO	2021/11/10 23:37:08 Сервер остановлен
INFO	2021/11/10 23:37:11 Старт сервера
INFO	2021/11/10 23:37:11 Создан config
INFO	2021/11/10 23:37:11 Старт сервера по адресу localhost:8080
INFO	2021/11/10 23:37:11 Сервер запущен
INFO	2021/11/10 23:37:30 Получен сигнал на закрытие сервера
INFO	2021/11/10 23:37:30 Сервер остановлен
INFO	2021/11/11 00:04:11 Старт сервера
INFO	2021/11/11 00:04:11 Создан config
INFO	2021/11/11 00:04:11 Старт сервера по адресу localhost:8080
INFO	2021/11/11 00:04:11 Сервер запущен
INFO	2021/11/11 00:04:12 Получен сигнал на закрытие сервера
INFO	2021/11/11 00:04:12 Сервер остановлен
INFO	2021/11/11 00:04:35 Старт сервера
INFO	2021/11/11 00:04:35 Создан config
INFO	2021/11/11 00:04:35 Старт сервера по адресу localhost:8080
INFO	2021/11/11 00:04:35 Сервер запущен
INFO	2021/11/11 00:07:00 Получен сигнал на закрытие сервера
INFO	2021/11/11 00:07:00 Сервер остановлен
INFO	2021/11/11 00:07:02 Старт сервера
INFO	2021/11/11 00:07:02 Создан config
INFO	2021/11/11 00:07:02 Старт сервера по адресу localhost:8080
INFO	2021/11/11 00:07:02 Сервер запущен
INFO	2021/11/11 00:18:18 Получен сигнал на закрытие сервера
INFO	2021/11/11 00:18:18 Сервер остановлен
INFO	2021/11/11 00:18:33 Старт сервера
INFO	2021/11/11 00:18:33 Создан config
INFO	2021/11/11 00:18:33 Старт сервера по адресу localhost:8080
INFO	2021/11/11 00:18:33 Сервер запущен
INFO	2021/11/11 00:20:44 Получен сигнал на закрытие сервера
INFO	2021/11/11 00:20:44 driver: bad connection
INFO	2021/11/11 00:20:44 Ошибка запроса не обработанных заказов driver: bad connection
INFO	2021/11/11 00:20:44 Сервер остановлен
INFO	2021/11/11 00:24:04 Старт сервера
INFO	2021/11/11 00:24:04 Создан config
INFO	2021/11/11 00:24:04 Старт сервера по адресу localhost:8080
INFO	2021/11/11 00:24:04 Сервер запущен
INFO	2021/11/11 00:24:06 Получен сигнал на закрытие сервера
INFO	2021/11/11 00:24:06 driver: bad connection
INFO	2021/11/11 00:24:06 Ошибка запроса не обработанных заказов driver: bad connection
INFO	2021/11/11 00:24:06 context canceled
INFO	2021/11/11 00:24:06 Ошибка запроса не обработанных заказов context canceled
INFO	2021/11/11 00:24:06 context canceled
INFO	2021/11/11 00:24:06 Ошибка запроса не обработанных заказов context canceled
INFO	2021/11/11 00:24:06 Сервер остановлен
